<?xml version="1.0" encoding="UTF-8"?>
<testsuite xmlns:xsi="http://www.w3.org/2001/XMLSchema-instance" xsi:noNamespaceSchemaLocation="https://maven.apache.org/surefire/maven-surefire-plugin/xsd/surefire-test-report.xsd" name="com.mapper.UserMapperTest" time="0.846" tests="2" errors="0" skipped="0" failures="0">
  <properties>
    <property name="sun.desktop" value="gnome"/>
    <property name="awt.toolkit" value="sun.awt.X11.XToolkit"/>
    <property name="file.encoding.pkg" value="sun.io"/>
    <property name="java.specification.version" value="1.8"/>
    <property name="sun.cpu.isalist" value=""/>
    <property name="sun.jnu.encoding" value="UTF-8"/>
    <property name="java.class.path" value="/home/zyg/IdeaProjects/books/books-system/target/test-classes:/home/zyg/IdeaProjects/books/books-system/target/classes:/home/zyg/.m2/repository/mysql/mysql-connector-java/5.1.49/mysql-connector-java-5.1.49.jar:/home/zyg/.m2/repository/org/mybatis/mybatis/3.2.5/mybatis-3.2.5.jar:/home/zyg/.m2/repository/log4j/log4j/1.2.12/log4j-1.2.12.jar:/home/zyg/.m2/repository/org/projectlombok/lombok/1.18.12/lombok-1.18.12.jar:/home/zyg/.m2/repository/junit/junit/4.11/junit-4.11.jar:/home/zyg/.m2/repository/org/hamcrest/hamcrest-core/1.3/hamcrest-core-1.3.jar:"/>
    <property name="java.vm.vendor" value="Oracle Corporation"/>
    <property name="sun.arch.data.model" value="64"/>
    <property name="java.vendor.url" value="http://java.oracle.com/"/>
    <property name="user.timezone" value=""/>
    <property name="java.vm.specification.version" value="1.8"/>
    <property name="os.name" value="Linux"/>
    <property name="user.country" value="CN"/>
    <property name="sun.java.launcher" value="SUN_STANDARD"/>
    <property name="sun.boot.library.path" value="/usr/local/java/jdk1.8.0_261/jre/lib/amd64"/>
    <property name="sun.java.command" value="/home/zyg/IdeaProjects/books/books-system/target/surefire/surefirebooter2992986144867632694.jar /home/zyg/IdeaProjects/books/books-system/target/surefire 2020-11-11T23-53-07_511-jvmRun1 surefire2159471350563233204tmp surefire_08918710958001484292tmp"/>
    <property name="surefire.test.class.path" value="/home/zyg/IdeaProjects/books/books-system/target/test-classes:/home/zyg/IdeaProjects/books/books-system/target/classes:/home/zyg/.m2/repository/mysql/mysql-connector-java/5.1.49/mysql-connector-java-5.1.49.jar:/home/zyg/.m2/repository/org/mybatis/mybatis/3.2.5/mybatis-3.2.5.jar:/home/zyg/.m2/repository/log4j/log4j/1.2.12/log4j-1.2.12.jar:/home/zyg/.m2/repository/org/projectlombok/lombok/1.18.12/lombok-1.18.12.jar:/home/zyg/.m2/repository/junit/junit/4.11/junit-4.11.jar:/home/zyg/.m2/repository/org/hamcrest/hamcrest-core/1.3/hamcrest-core-1.3.jar:"/>
    <property name="sun.cpu.endian" value="little"/>
    <property name="user.home" value="/home/zyg"/>
    <property name="user.language" value="zh"/>
    <property name="java.specification.vendor" value="Oracle Corporation"/>
    <property name="java.home" value="/usr/local/java/jdk1.8.0_261/jre"/>
    <property name="basedir" value="/home/zyg/IdeaProjects/books/books-system"/>
    <property name="file.separator" value="/"/>
    <property name="line.separator" value="&#10;"/>
    <property name="java.vm.specification.vendor" value="Oracle Corporation"/>
    <property name="java.specification.name" value="Java Platform API Specification"/>
    <property name="java.awt.graphicsenv" value="sun.awt.X11GraphicsEnvironment"/>
    <property name="surefire.real.class.path" value="/home/zyg/IdeaProjects/books/books-system/target/surefire/surefirebooter2992986144867632694.jar"/>
    <property name="sun.boot.class.path" value="/usr/local/java/jdk1.8.0_261/jre/lib/resources.jar:/usr/local/java/jdk1.8.0_261/jre/lib/rt.jar:/usr/local/java/jdk1.8.0_261/jre/lib/sunrsasign.jar:/usr/local/java/jdk1.8.0_261/jre/lib/jsse.jar:/usr/local/java/jdk1.8.0_261/jre/lib/jce.jar:/usr/local/java/jdk1.8.0_261/jre/lib/charsets.jar:/usr/local/java/jdk1.8.0_261/jre/lib/jfr.jar:/usr/local/java/jdk1.8.0_261/jre/classes"/>
    <property name="sun.management.compiler" value="HotSpot 64-Bit Tiered Compilers"/>
    <property name="java.runtime.version" value="1.8.0_261-b12"/>
    <property name="user.name" value="zyg"/>
    <property name="path.separator" value=":"/>
    <property name="os.version" value="5.4.0-48-generic"/>
    <property name="java.endorsed.dirs" value="/usr/local/java/jdk1.8.0_261/jre/lib/endorsed"/>
    <property name="java.runtime.name" value="Java(TM) SE Runtime Environment"/>
    <property name="file.encoding" value="UTF-8"/>
    <property name="java.vm.name" value="Java HotSpot(TM) 64-Bit Server VM"/>
    <property name="localRepository" value="/home/zyg/.m2/repository"/>
    <property name="java.vendor.url.bug" value="http://bugreport.sun.com/bugreport/"/>
    <property name="java.io.tmpdir" value="/tmp"/>
    <property name="java.version" value="1.8.0_261"/>
    <property name="user.dir" value="/home/zyg/IdeaProjects/books/books-system"/>
    <property name="os.arch" value="amd64"/>
    <property name="java.vm.specification.name" value="Java Virtual Machine Specification"/>
    <property name="java.awt.printerjob" value="sun.print.PSPrinterJob"/>
    <property name="sun.os.patch.level" value="unknown"/>
    <property name="idea.version2019.3.5" value="true"/>
    <property name="java.library.path" value="/usr/java/packages/lib/amd64:/usr/lib64:/lib64:/lib:/usr/lib"/>
    <property name="java.vm.info" value="mixed mode"/>
    <property name="java.vendor" value="Oracle Corporation"/>
    <property name="java.vm.version" value="25.261-b12"/>
    <property name="java.ext.dirs" value="/usr/local/java/jdk1.8.0_261/jre/lib/ext:/usr/java/packages/lib/ext"/>
    <property name="sun.io.unicode.encoding" value="UnicodeLittle"/>
    <property name="maven.repo.local" value="/home/zyg/.m2/repository"/>
    <property name="java.class.version" value="52.0"/>
  </properties>
  <testcase name="findById" classname="com.mapper.UserMapperTest" time="0.699"/>
  <testcase name="findByName" classname="com.mapper.UserMapperTest" time="0.087"/>
</testsuite>